{"C:\\Users\\nhanle\\Desktop\\react\\react-training\\practice-two\\src\\App.tsx": {"path":"C:\\Users\\nhanle\\Desktop\\react\\react-training\\practice-two\\src\\App.tsx","statementMap":{"0":{"start":{"line":18,"column":12},"end":{"line":126,"column":1}},"1":{"start":{"line":19,"column":26},"end":{"line":19,"column":54}},"2":{"start":{"line":20,"column":30},"end":{"line":20,"column":45}},"3":{"start":{"line":21,"column":30},"end":{"line":21,"column":42}},"4":{"start":{"line":22,"column":22},"end":{"line":22,"column":46}},"5":{"start":{"line":23,"column":45},"end":{"line":23,"column":90}},"6":{"start":{"line":25,"column":27},"end":{"line":34,"column":3}},"7":{"start":{"line":26,"column":4},"end":{"line":26,"column":23}},"8":{"start":{"line":28,"column":4},"end":{"line":33,"column":5}},"9":{"start":{"line":29,"column":6},"end":{"line":29,"column":25}},"10":{"start":{"line":30,"column":6},"end":{"line":30,"column":40}},"11":{"start":{"line":32,"column":6},"end":{"line":32,"column":46}},"12":{"start":{"line":36,"column":23},"end":{"line":50,"column":3}},"13":{"start":{"line":37,"column":4},"end":{"line":49,"column":5}},"14":{"start":{"line":38,"column":51},"end":{"line":38,"column":69}},"15":{"start":{"line":40,"column":6},"end":{"line":45,"column":7}},"16":{"start":{"line":41,"column":8},"end":{"line":41,"column":39}},"17":{"start":{"line":43,"column":8},"end":{"line":43,"column":33}},"18":{"start":{"line":44,"column":8},"end":{"line":44,"column":27}},"19":{"start":{"line":47,"column":6},"end":{"line":47,"column":54}},"20":{"start":{"line":48,"column":6},"end":{"line":48,"column":25}},"21":{"start":{"line":52,"column":23},"end":{"line":64,"column":3}},"22":{"start":{"line":54,"column":6},"end":{"line":61,"column":7}},"23":{"start":{"line":55,"column":8},"end":{"line":55,"column":39}},"24":{"start":{"line":56,"column":32},"end":{"line":56,"column":69}},"25":{"start":{"line":56,"column":54},"end":{"line":56,"column":68}},"26":{"start":{"line":58,"column":8},"end":{"line":58,"column":25}},"27":{"start":{"line":60,"column":8},"end":{"line":60,"column":54}},"28":{"start":{"line":66,"column":26},"end":{"line":69,"column":3}},"29":{"start":{"line":67,"column":4},"end":{"line":67,"column":18}},"30":{"start":{"line":68,"column":4},"end":{"line":68,"column":23}},"31":{"start":{"line":71,"column":25},"end":{"line":92,"column":3}},"32":{"start":{"line":72,"column":4},"end":{"line":91,"column":5}},"33":{"start":{"line":73,"column":49},"end":{"line":73,"column":67}},"34":{"start":{"line":75,"column":6},"end":{"line":88,"column":7}},"35":{"start":{"line":76,"column":8},"end":{"line":76,"column":50}},"36":{"start":{"line":78,"column":33},"end":{"line":84,"column":10}},"37":{"start":{"line":79,"column":10},"end":{"line":83,"column":11}},"38":{"start":{"line":80,"column":12},"end":{"line":80,"column":24}},"39":{"start":{"line":82,"column":12},"end":{"line":82,"column":27}},"40":{"start":{"line":86,"column":8},"end":{"line":86,"column":26}},"41":{"start":{"line":87,"column":8},"end":{"line":87,"column":27}},"42":{"start":{"line":90,"column":6},"end":{"line":90,"column":50}},"43":{"start":{"line":94,"column":21},"end":{"line":96,"column":3}},"44":{"start":{"line":95,"column":4},"end":{"line":95,"column":17}},"45":{"start":{"line":98,"column":29},"end":{"line":102,"column":3}},"46":{"start":{"line":99,"column":31},"end":{"line":99,"column":45}},"47":{"start":{"line":101,"column":4},"end":{"line":101,"column":43}},"48":{"start":{"line":104,"column":2},"end":{"line":125,"column":4}}},"fnMap":{"0":{"name":"(anonymous_0)","decl":{"start":{"line":18,"column":12},"end":{"line":18,"column":13}},"loc":{"start":{"line":18,"column":31},"end":{"line":126,"column":1}},"line":18},"1":{"name":"(anonymous_1)","decl":{"start":{"line":25,"column":27},"end":{"line":25,"column":28}},"loc":{"start":{"line":25,"column":39},"end":{"line":34,"column":3}},"line":25},"2":{"name":"(anonymous_2)","decl":{"start":{"line":36,"column":23},"end":{"line":36,"column":24}},"loc":{"start":{"line":36,"column":60},"end":{"line":50,"column":3}},"line":36},"3":{"name":"(anonymous_3)","decl":{"start":{"line":53,"column":4},"end":{"line":53,"column":5}},"loc":{"start":{"line":53,"column":41},"end":{"line":62,"column":5}},"line":53},"4":{"name":"(anonymous_4)","decl":{"start":{"line":56,"column":44},"end":{"line":56,"column":45}},"loc":{"start":{"line":56,"column":54},"end":{"line":56,"column":68}},"line":56},"5":{"name":"(anonymous_5)","decl":{"start":{"line":66,"column":26},"end":{"line":66,"column":27}},"loc":{"start":{"line":66,"column":48},"end":{"line":69,"column":3}},"line":66},"6":{"name":"(anonymous_6)","decl":{"start":{"line":71,"column":25},"end":{"line":71,"column":26}},"loc":{"start":{"line":71,"column":62},"end":{"line":92,"column":3}},"line":71},"7":{"name":"(anonymous_7)","decl":{"start":{"line":78,"column":42},"end":{"line":78,"column":43}},"loc":{"start":{"line":78,"column":55},"end":{"line":84,"column":9}},"line":78},"8":{"name":"(anonymous_8)","decl":{"start":{"line":94,"column":21},"end":{"line":94,"column":22}},"loc":{"start":{"line":94,"column":33},"end":{"line":96,"column":3}},"line":94},"9":{"name":"(anonymous_9)","decl":{"start":{"line":98,"column":29},"end":{"line":98,"column":30}},"loc":{"start":{"line":98,"column":67},"end":{"line":102,"column":3}},"line":98}},"branchMap":{"0":{"loc":{"start":{"line":28,"column":4},"end":{"line":33,"column":5}},"type":"if","locations":[{"start":{"line":28,"column":4},"end":{"line":33,"column":5}},{"start":{"line":31,"column":11},"end":{"line":33,"column":5}}],"line":28},"1":{"loc":{"start":{"line":40,"column":6},"end":{"line":45,"column":7}},"type":"if","locations":[{"start":{"line":40,"column":6},"end":{"line":45,"column":7}},{"start":{},"end":{}}],"line":40},"2":{"loc":{"start":{"line":75,"column":6},"end":{"line":88,"column":7}},"type":"if","locations":[{"start":{"line":75,"column":6},"end":{"line":88,"column":7}},{"start":{},"end":{}}],"line":75},"3":{"loc":{"start":{"line":79,"column":10},"end":{"line":83,"column":11}},"type":"if","locations":[{"start":{"line":79,"column":10},"end":{"line":83,"column":11}},{"start":{"line":81,"column":17},"end":{"line":83,"column":11}}],"line":79},"4":{"loc":{"start":{"line":108,"column":7},"end":{"line":112,"column":7}},"type":"cond-expr","locations":[{"start":{"line":109,"column":8},"end":{"line":109,"column":29}},{"start":{"line":111,"column":8},"end":{"line":111,"column":94}}],"line":108},"5":{"loc":{"start":{"line":108,"column":7},"end":{"line":108,"column":39}},"type":"binary-expr","locations":[{"start":{"line":108,"column":7},"end":{"line":108,"column":18}},{"start":{"line":108,"column":22},"end":{"line":108,"column":39}}],"line":108},"6":{"loc":{"start":{"line":113,"column":7},"end":{"line":122,"column":7}},"type":"binary-expr","locations":[{"start":{"line":113,"column":7},"end":{"line":113,"column":13}},{"start":{"line":114,"column":8},"end":{"line":121,"column":16}}],"line":113},"7":{"loc":{"start":{"line":123,"column":7},"end":{"line":123,"column":65}},"type":"binary-expr","locations":[{"start":{"line":123,"column":7},"end":{"line":123,"column":12}},{"start":{"line":123,"column":16},"end":{"line":123,"column":65}}],"line":123}},"s":{"0":0,"1":0,"2":0,"3":0,"4":0,"5":0,"6":0,"7":0,"8":0,"9":0,"10":0,"11":0,"12":0,"13":0,"14":0,"15":0,"16":0,"17":0,"18":0,"19":0,"20":0,"21":0,"22":0,"23":0,"24":0,"25":0,"26":0,"27":0,"28":0,"29":0,"30":0,"31":0,"32":0,"33":0,"34":0,"35":0,"36":0,"37":0,"38":0,"39":0,"40":0,"41":0,"42":0,"43":0,"44":0,"45":0,"46":0,"47":0,"48":0},"f":{"0":0,"1":0,"2":0,"3":0,"4":0,"5":0,"6":0,"7":0,"8":0,"9":0},"b":{"0":[0,0],"1":[0,0],"2":[0,0],"3":[0,0],"4":[0,0],"5":[0,0],"6":[0,0],"7":[0,0]}}
,"C:\\Users\\nhanle\\Desktop\\react\\react-training\\practice-two\\src\\main.tsx": {"path":"C:\\Users\\nhanle\\Desktop\\react\\react-training\\practice-two\\src\\main.tsx","statementMap":{"0":{"start":{"line":4,"column":0},"end":{"line":4,"column":70}}},"fnMap":{},"branchMap":{},"s":{"0":0},"f":{},"b":{}}
,"C:\\Users\\nhanle\\Desktop\\react\\react-training\\practice-two\\src\\components\\common\\button\\index.tsx": {"path":"C:\\Users\\nhanle\\Desktop\\react\\react-training\\practice-two\\src\\components\\common\\button\\index.tsx","statementMap":{"0":{"start":{"line":12,"column":22},"end":{"line":20,"column":1}},"1":{"start":{"line":13,"column":61},"end":{"line":13,"column":66}},"2":{"start":{"line":15,"column":2},"end":{"line":19,"column":4}}},"fnMap":{"0":{"name":"(anonymous_0)","decl":{"start":{"line":12,"column":22},"end":{"line":12,"column":23}},"loc":{"start":{"line":12,"column":58},"end":{"line":20,"column":1}},"line":12}},"branchMap":{},"s":{"0":2,"1":9,"2":9},"f":{"0":9},"b":{},"_coverageSchema":"1a1c01bbd47fc00a2c39e90264f33305004495a9","hash":"be5bed8deabdf07df405dc0c82cde5041c85b924"}
,"C:\\Users\\nhanle\\Desktop\\react\\react-training\\practice-two\\src\\components\\common\\error\\index.tsx": {"path":"C:\\Users\\nhanle\\Desktop\\react\\react-training\\practice-two\\src\\components\\common\\error\\index.tsx","statementMap":{"0":{"start":{"line":8,"column":21},"end":{"line":19,"column":1}},"1":{"start":{"line":9,"column":38},"end":{"line":9,"column":43}},"2":{"start":{"line":11,"column":2},"end":{"line":18,"column":4}}},"fnMap":{"0":{"name":"(anonymous_0)","decl":{"start":{"line":8,"column":21},"end":{"line":8,"column":22}},"loc":{"start":{"line":8,"column":56},"end":{"line":19,"column":1}},"line":8}},"branchMap":{},"s":{"0":1,"1":3,"2":3},"f":{"0":3},"b":{},"_coverageSchema":"1a1c01bbd47fc00a2c39e90264f33305004495a9","hash":"93fe956f2c36e045ac86bffc042368ca9e6d283f"}
,"C:\\Users\\nhanle\\Desktop\\react\\react-training\\practice-two\\src\\components\\common\\popup\\index.tsx": {"path":"C:\\Users\\nhanle\\Desktop\\react\\react-training\\practice-two\\src\\components\\common\\popup\\index.tsx","statementMap":{"0":{"start":{"line":9,"column":21},"end":{"line":22,"column":1}},"1":{"start":{"line":10,"column":36},"end":{"line":10,"column":41}},"2":{"start":{"line":12,"column":2},"end":{"line":21,"column":4}}},"fnMap":{"0":{"name":"(anonymous_0)","decl":{"start":{"line":9,"column":21},"end":{"line":9,"column":22}},"loc":{"start":{"line":9,"column":56},"end":{"line":22,"column":1}},"line":9}},"branchMap":{},"s":{"0":1,"1":3,"2":3},"f":{"0":3},"b":{},"_coverageSchema":"1a1c01bbd47fc00a2c39e90264f33305004495a9","hash":"d61543e89b47ff9726dd2a61dca7aacfaed4cfa6"}
,"C:\\Users\\nhanle\\Desktop\\react\\react-training\\practice-two\\src\\components\\common\\search\\index.tsx": {"path":"C:\\Users\\nhanle\\Desktop\\react\\react-training\\practice-two\\src\\components\\common\\search\\index.tsx","statementMap":{"0":{"start":{"line":8,"column":15},"end":{"line":22,"column":1}},"1":{"start":{"line":9,"column":23},"end":{"line":9,"column":28}},"2":{"start":{"line":11,"column":2},"end":{"line":21,"column":4}}},"fnMap":{"0":{"name":"(anonymous_0)","decl":{"start":{"line":8,"column":15},"end":{"line":8,"column":16}},"loc":{"start":{"line":8,"column":39},"end":{"line":22,"column":1}},"line":8}},"branchMap":{},"s":{"0":1,"1":2,"2":2},"f":{"0":2},"b":{},"_coverageSchema":"1a1c01bbd47fc00a2c39e90264f33305004495a9","hash":"180b9c0071bbb2c4fae77fe6b204e89a71af2287"}
,"C:\\Users\\nhanle\\Desktop\\react\\react-training\\practice-two\\src\\components\\common\\search-empty\\index.tsx": {"path":"C:\\Users\\nhanle\\Desktop\\react\\react-training\\practice-two\\src\\components\\common\\search-empty\\index.tsx","statementMap":{"0":{"start":{"line":4,"column":33},"end":{"line":12,"column":1}},"1":{"start":{"line":5,"column":2},"end":{"line":11,"column":4}}},"fnMap":{"0":{"name":"(anonymous_0)","decl":{"start":{"line":4,"column":33},"end":{"line":4,"column":34}},"loc":{"start":{"line":4,"column":52},"end":{"line":12,"column":1}},"line":4}},"branchMap":{},"s":{"0":1,"1":2},"f":{"0":2},"b":{},"_coverageSchema":"1a1c01bbd47fc00a2c39e90264f33305004495a9","hash":"69fde79b49f3aee5d34f58ae1db8ab5bd2054f55"}
,"C:\\Users\\nhanle\\Desktop\\react\\react-training\\practice-two\\src\\components\\common\\textarea\\index.tsx": {"path":"C:\\Users\\nhanle\\Desktop\\react\\react-training\\practice-two\\src\\components\\common\\textarea\\index.tsx","statementMap":{"0":{"start":{"line":15,"column":24},"end":{"line":48,"column":1}},"1":{"start":{"line":16,"column":84},"end":{"line":16,"column":89}},"2":{"start":{"line":17,"column":19},"end":{"line":17,"column":68}},"3":{"start":{"line":19,"column":23},"end":{"line":23,"column":3}},"4":{"start":{"line":20,"column":23},"end":{"line":20,"column":66}},"5":{"start":{"line":22,"column":4},"end":{"line":22,"column":28}},"6":{"start":{"line":25,"column":2},"end":{"line":47,"column":4}}},"fnMap":{"0":{"name":"(anonymous_0)","decl":{"start":{"line":15,"column":24},"end":{"line":15,"column":25}},"loc":{"start":{"line":15,"column":62},"end":{"line":48,"column":1}},"line":15},"1":{"name":"(anonymous_1)","decl":{"start":{"line":19,"column":23},"end":{"line":19,"column":24}},"loc":{"start":{"line":19,"column":64},"end":{"line":23,"column":3}},"line":19}},"branchMap":{"0":{"loc":{"start":{"line":41,"column":7},"end":{"line":45,"column":7}},"type":"binary-expr","locations":[{"start":{"line":41,"column":7},"end":{"line":41,"column":17}},{"start":{"line":42,"column":8},"end":{"line":44,"column":15}}],"line":41}},"s":{"0":2,"1":9,"2":9,"3":9,"4":2,"5":2,"6":9},"f":{"0":9,"1":2},"b":{"0":[9,3]},"_coverageSchema":"1a1c01bbd47fc00a2c39e90264f33305004495a9","hash":"84c67eeac2c3381050b2d559c4f39db5f38723af"}
,"C:\\Users\\nhanle\\Desktop\\react\\react-training\\practice-two\\src\\components\\common\\textbox\\index.tsx": {"path":"C:\\Users\\nhanle\\Desktop\\react\\react-training\\practice-two\\src\\components\\common\\textbox\\index.tsx","statementMap":{"0":{"start":{"line":14,"column":23},"end":{"line":45,"column":1}},"1":{"start":{"line":15,"column":83},"end":{"line":15,"column":88}},"2":{"start":{"line":16,"column":19},"end":{"line":16,"column":65}},"3":{"start":{"line":18,"column":23},"end":{"line":22,"column":3}},"4":{"start":{"line":19,"column":23},"end":{"line":19,"column":66}},"5":{"start":{"line":21,"column":4},"end":{"line":21,"column":28}},"6":{"start":{"line":24,"column":2},"end":{"line":44,"column":4}}},"fnMap":{"0":{"name":"(anonymous_0)","decl":{"start":{"line":14,"column":23},"end":{"line":14,"column":24}},"loc":{"start":{"line":14,"column":47},"end":{"line":45,"column":1}},"line":14},"1":{"name":"(anonymous_1)","decl":{"start":{"line":18,"column":23},"end":{"line":18,"column":24}},"loc":{"start":{"line":18,"column":61},"end":{"line":22,"column":3}},"line":18}},"branchMap":{"0":{"loc":{"start":{"line":38,"column":7},"end":{"line":42,"column":7}},"type":"binary-expr","locations":[{"start":{"line":38,"column":7},"end":{"line":38,"column":17}},{"start":{"line":39,"column":8},"end":{"line":41,"column":15}}],"line":38}},"s":{"0":2,"1":15,"2":15,"3":15,"4":2,"5":2,"6":15},"f":{"0":15,"1":2},"b":{"0":[15,3]},"_coverageSchema":"1a1c01bbd47fc00a2c39e90264f33305004495a9","hash":"52c44a2f16f17b893d7e1fb8bf5fb2919d1a7604"}
,"C:\\Users\\nhanle\\Desktop\\react\\react-training\\practice-two\\src\\components\\common\\uploader\\index.tsx": {"path":"C:\\Users\\nhanle\\Desktop\\react\\react-training\\practice-two\\src\\components\\common\\uploader\\index.tsx","statementMap":{"0":{"start":{"line":14,"column":24},"end":{"line":50,"column":1}},"1":{"start":{"line":15,"column":77},"end":{"line":15,"column":82}},"2":{"start":{"line":16,"column":28},"end":{"line":16,"column":47}},"3":{"start":{"line":18,"column":22},"end":{"line":25,"column":3}},"4":{"start":{"line":19,"column":17},"end":{"line":19,"column":34}},"5":{"start":{"line":21,"column":21},"end":{"line":21,"column":58}},"6":{"start":{"line":23,"column":4},"end":{"line":23,"column":23}},"7":{"start":{"line":24,"column":4},"end":{"line":24,"column":27}},"8":{"start":{"line":27,"column":2},"end":{"line":49,"column":4}}},"fnMap":{"0":{"name":"(anonymous_0)","decl":{"start":{"line":14,"column":24},"end":{"line":14,"column":25}},"loc":{"start":{"line":14,"column":49},"end":{"line":50,"column":1}},"line":14},"1":{"name":"(anonymous_1)","decl":{"start":{"line":18,"column":22},"end":{"line":18,"column":23}},"loc":{"start":{"line":18,"column":40},"end":{"line":25,"column":3}},"line":18}},"branchMap":{"0":{"loc":{"start":{"line":40,"column":11},"end":{"line":40,"column":66}},"type":"binary-expr","locations":[{"start":{"line":40,"column":11},"end":{"line":40,"column":16}},{"start":{"line":40,"column":20},"end":{"line":40,"column":66}}],"line":40},"1":{"loc":{"start":{"line":43,"column":7},"end":{"line":47,"column":7}},"type":"binary-expr","locations":[{"start":{"line":43,"column":7},"end":{"line":43,"column":17}},{"start":{"line":44,"column":8},"end":{"line":46,"column":15}}],"line":43}},"s":{"0":2,"1":7,"2":7,"3":7,"4":0,"5":0,"6":0,"7":0,"8":7},"f":{"0":7,"1":0},"b":{"0":[7,4],"1":[7,2]},"_coverageSchema":"1a1c01bbd47fc00a2c39e90264f33305004495a9","hash":"25eee71274f064eb768567624d2f7f04fda499b0"}
,"C:\\Users\\nhanle\\Desktop\\react\\react-training\\practice-two\\src\\components\\form\\index.tsx": {"path":"C:\\Users\\nhanle\\Desktop\\react\\react-training\\practice-two\\src\\components\\form\\index.tsx","statementMap":{"0":{"start":{"line":34,"column":26},"end":{"line":41,"column":1}},"1":{"start":{"line":43,"column":38},"end":{"line":49,"column":1}},"2":{"start":{"line":51,"column":20},"end":{"line":156,"column":1}},"3":{"start":{"line":52,"column":66},"end":{"line":52,"column":71}},"4":{"start":{"line":53,"column":26},"end":{"line":53,"column":69}},"5":{"start":{"line":54,"column":34},"end":{"line":54,"column":60}},"6":{"start":{"line":56,"column":22},"end":{"line":58,"column":3}},"7":{"start":{"line":57,"column":4},"end":{"line":57,"column":37}},"8":{"start":{"line":60,"column":27},"end":{"line":62,"column":3}},"9":{"start":{"line":61,"column":4},"end":{"line":61,"column":35}},"10":{"start":{"line":64,"column":21},"end":{"line":74,"column":3}},"11":{"start":{"line":65,"column":43},"end":{"line":65,"column":61}},"12":{"start":{"line":67,"column":4},"end":{"line":73,"column":5}},"13":{"start":{"line":68,"column":23},"end":{"line":68,"column":43}},"14":{"start":{"line":70,"column":6},"end":{"line":70,"column":28}},"15":{"start":{"line":72,"column":6},"end":{"line":72,"column":37}},"16":{"start":{"line":76,"column":23},"end":{"line":80,"column":3}},"17":{"start":{"line":77,"column":26},"end":{"line":77,"column":53}},"18":{"start":{"line":79,"column":4},"end":{"line":79,"column":22}},"19":{"start":{"line":82,"column":21},"end":{"line":84,"column":3}},"20":{"start":{"line":83,"column":4},"end":{"line":83,"column":23}},"21":{"start":{"line":86,"column":2},"end":{"line":155,"column":4}}},"fnMap":{"0":{"name":"(anonymous_0)","decl":{"start":{"line":51,"column":20},"end":{"line":51,"column":21}},"loc":{"start":{"line":51,"column":54},"end":{"line":156,"column":1}},"line":51},"1":{"name":"(anonymous_1)","decl":{"start":{"line":56,"column":22},"end":{"line":56,"column":23}},"loc":{"start":{"line":56,"column":39},"end":{"line":58,"column":3}},"line":56},"2":{"name":"(anonymous_2)","decl":{"start":{"line":60,"column":27},"end":{"line":60,"column":28}},"loc":{"start":{"line":60,"column":49},"end":{"line":62,"column":3}},"line":60},"3":{"name":"(anonymous_3)","decl":{"start":{"line":64,"column":21},"end":{"line":64,"column":22}},"loc":{"start":{"line":64,"column":33},"end":{"line":74,"column":3}},"line":64},"4":{"name":"(anonymous_4)","decl":{"start":{"line":76,"column":23},"end":{"line":76,"column":24}},"loc":{"start":{"line":76,"column":35},"end":{"line":80,"column":3}},"line":76},"5":{"name":"(anonymous_5)","decl":{"start":{"line":82,"column":21},"end":{"line":82,"column":22}},"loc":{"start":{"line":82,"column":33},"end":{"line":84,"column":3}},"line":82}},"branchMap":{"0":{"loc":{"start":{"line":53,"column":41},"end":{"line":53,"column":68}},"type":"binary-expr","locations":[{"start":{"line":53,"column":41},"end":{"line":53,"column":53}},{"start":{"line":53,"column":57},"end":{"line":53,"column":68}}],"line":53},"1":{"loc":{"start":{"line":67,"column":4},"end":{"line":73,"column":5}},"type":"if","locations":[{"start":{"line":67,"column":4},"end":{"line":73,"column":5}},{"start":{"line":71,"column":11},"end":{"line":73,"column":5}}],"line":67},"2":{"loc":{"start":{"line":88,"column":36},"end":{"line":88,"column":82}},"type":"cond-expr","locations":[{"start":{"line":88,"column":51},"end":{"line":88,"column":62}},{"start":{"line":88,"column":65},"end":{"line":88,"column":82}}],"line":88},"3":{"loc":{"start":{"line":137,"column":25},"end":{"line":137,"column":65}},"type":"cond-expr","locations":[{"start":{"line":137,"column":40},"end":{"line":137,"column":50}},{"start":{"line":137,"column":53},"end":{"line":137,"column":65}}],"line":137},"4":{"loc":{"start":{"line":142,"column":13},"end":{"line":142,"column":45}},"type":"cond-expr","locations":[{"start":{"line":142,"column":28},"end":{"line":142,"column":34}},{"start":{"line":142,"column":37},"end":{"line":142,"column":45}}],"line":142}},"s":{"0":1,"1":1,"2":1,"3":3,"4":3,"5":3,"6":3,"7":0,"8":3,"9":0,"10":3,"11":0,"12":0,"13":0,"14":0,"15":0,"16":3,"17":0,"18":0,"19":3,"20":0,"21":3},"f":{"0":3,"1":0,"2":0,"3":0,"4":0,"5":0},"b":{"0":[3,1],"1":[0,0],"2":[2,1],"3":[2,1],"4":[2,1]},"_coverageSchema":"1a1c01bbd47fc00a2c39e90264f33305004495a9","hash":"60e8ee79573901ef4fffc6e9492d193b6f07a6d9"}
,"C:\\Users\\nhanle\\Desktop\\react\\react-training\\practice-two\\src\\components\\header\\index.tsx": {"path":"C:\\Users\\nhanle\\Desktop\\react\\react-training\\practice-two\\src\\components\\header\\index.tsx","statementMap":{"0":{"start":{"line":8,"column":22},"end":{"line":21,"column":1}},"1":{"start":{"line":9,"column":25},"end":{"line":9,"column":30}},"2":{"start":{"line":11,"column":2},"end":{"line":20,"column":4}}},"fnMap":{"0":{"name":"(anonymous_0)","decl":{"start":{"line":8,"column":22},"end":{"line":8,"column":23}},"loc":{"start":{"line":8,"column":58},"end":{"line":21,"column":1}},"line":8}},"branchMap":{},"s":{"0":0,"1":0,"2":0},"f":{"0":0},"b":{}}
,"C:\\Users\\nhanle\\Desktop\\react\\react-training\\practice-two\\src\\components\\list-book\\index.tsx": {"path":"C:\\Users\\nhanle\\Desktop\\react\\react-training\\practice-two\\src\\components\\list-book\\index.tsx","statementMap":{"0":{"start":{"line":11,"column":21},"end":{"line":28,"column":1}},"1":{"start":{"line":12,"column":53},"end":{"line":12,"column":58}},"2":{"start":{"line":14,"column":2},"end":{"line":27,"column":4}},"3":{"start":{"line":18,"column":10},"end":{"line":23,"column":12}},"4":{"start":{"line":19,"column":26},"end":{"line":19,"column":49}}},"fnMap":{"0":{"name":"(anonymous_0)","decl":{"start":{"line":11,"column":21},"end":{"line":11,"column":22}},"loc":{"start":{"line":11,"column":59},"end":{"line":28,"column":1}},"line":11},"1":{"name":"(anonymous_1)","decl":{"start":{"line":17,"column":19},"end":{"line":17,"column":20}},"loc":{"start":{"line":18,"column":10},"end":{"line":23,"column":12}},"line":18},"2":{"name":"(anonymous_2)","decl":{"start":{"line":19,"column":20},"end":{"line":19,"column":21}},"loc":{"start":{"line":19,"column":26},"end":{"line":19,"column":49}},"line":19}},"branchMap":{},"s":{"0":0,"1":0,"2":0,"3":0,"4":0},"f":{"0":0,"1":0,"2":0},"b":{}}
,"C:\\Users\\nhanle\\Desktop\\react\\react-training\\practice-two\\src\\components\\list-book\\card\\index.tsx": {"path":"C:\\Users\\nhanle\\Desktop\\react\\react-training\\practice-two\\src\\components\\list-book\\card\\index.tsx","statementMap":{"0":{"start":{"line":16,"column":13},"end":{"line":47,"column":1}},"1":{"start":{"line":17,"column":70},"end":{"line":17,"column":75}},"2":{"start":{"line":19,"column":23},"end":{"line":21,"column":20}},"3":{"start":{"line":20,"column":4},"end":{"line":20,"column":17}},"4":{"start":{"line":23,"column":2},"end":{"line":46,"column":4}}},"fnMap":{"0":{"name":"(anonymous_0)","decl":{"start":{"line":16,"column":13},"end":{"line":16,"column":14}},"loc":{"start":{"line":16,"column":47},"end":{"line":47,"column":1}},"line":16},"1":{"name":"(anonymous_1)","decl":{"start":{"line":19,"column":35},"end":{"line":19,"column":36}},"loc":{"start":{"line":19,"column":47},"end":{"line":21,"column":3}},"line":19}},"branchMap":{},"s":{"0":0,"1":0,"2":0,"3":0,"4":0},"f":{"0":0,"1":0},"b":{}}
,"C:\\Users\\nhanle\\Desktop\\react\\react-training\\practice-two\\src\\constant\\messages\\index.ts": {"path":"C:\\Users\\nhanle\\Desktop\\react\\react-training\\practice-two\\src\\constant\\messages\\index.ts","statementMap":{"0":{"start":{"line":1,"column":33},"end":{"line":8,"column":1}},"1":{"start":{"line":10,"column":31},"end":{"line":15,"column":1}}},"fnMap":{},"branchMap":{},"s":{"0":1,"1":1},"f":{},"b":{},"_coverageSchema":"1a1c01bbd47fc00a2c39e90264f33305004495a9","hash":"04abb310faf2654de3e3ee67f1a1c64ff222c102"}
,"C:\\Users\\nhanle\\Desktop\\react\\react-training\\practice-two\\src\\constant\\url\\index.ts": {"path":"C:\\Users\\nhanle\\Desktop\\react\\react-training\\practice-two\\src\\constant\\url\\index.ts","statementMap":{"0":{"start":{"line":1,"column":17},"end":{"line":1,"column":46}}},"fnMap":{},"branchMap":{},"s":{"0":0},"f":{},"b":{}}
,"C:\\Users\\nhanle\\Desktop\\react\\react-training\\practice-two\\src\\helpers\\encode.ts": {"path":"C:\\Users\\nhanle\\Desktop\\react\\react-training\\practice-two\\src\\helpers\\encode.ts","statementMap":{"0":{"start":{"line":6,"column":29},"end":{"line":17,"column":2}},"1":{"start":{"line":6,"column":44},"end":{"line":17,"column":2}},"2":{"start":{"line":7,"column":21},"end":{"line":7,"column":37}},"3":{"start":{"line":8,"column":2},"end":{"line":8,"column":33}},"4":{"start":{"line":10,"column":2},"end":{"line":12,"column":4}},"5":{"start":{"line":11,"column":4},"end":{"line":11,"column":31}},"6":{"start":{"line":14,"column":2},"end":{"line":16,"column":4}},"7":{"start":{"line":15,"column":4},"end":{"line":15,"column":18}}},"fnMap":{"0":{"name":"(anonymous_0)","decl":{"start":{"line":6,"column":29},"end":{"line":6,"column":30}},"loc":{"start":{"line":6,"column":44},"end":{"line":17,"column":2}},"line":6},"1":{"name":"(anonymous_1)","decl":{"start":{"line":6,"column":56},"end":{"line":6,"column":57}},"loc":{"start":{"line":6,"column":77},"end":{"line":17,"column":1}},"line":6},"2":{"name":"(anonymous_2)","decl":{"start":{"line":10,"column":22},"end":{"line":10,"column":23}},"loc":{"start":{"line":10,"column":28},"end":{"line":12,"column":3}},"line":10},"3":{"name":"(anonymous_3)","decl":{"start":{"line":14,"column":23},"end":{"line":14,"column":24}},"loc":{"start":{"line":14,"column":34},"end":{"line":16,"column":3}},"line":14}},"branchMap":{},"s":{"0":2,"1":0,"2":0,"3":0,"4":0,"5":0,"6":0,"7":0},"f":{"0":0,"1":0,"2":0,"3":0},"b":{},"_coverageSchema":"1a1c01bbd47fc00a2c39e90264f33305004495a9","hash":"0521621be1e5cc91d178bca6f4949fb33f99b56a"}
,"C:\\Users\\nhanle\\Desktop\\react\\react-training\\practice-two\\src\\helpers\\validation-form.ts": {"path":"C:\\Users\\nhanle\\Desktop\\react\\react-training\\practice-two\\src\\helpers\\validation-form.ts","statementMap":{"0":{"start":{"line":20,"column":16},"end":{"line":22,"column":1}},"1":{"start":{"line":21,"column":2},"end":{"line":21,"column":17}},"2":{"start":{"line":29,"column":28},"end":{"line":77,"column":1}},"3":{"start":{"line":30,"column":35},"end":{"line":30,"column":52}},"4":{"start":{"line":32,"column":2},"end":{"line":38,"column":4}},"5":{"start":{"line":41,"column":2},"end":{"line":43,"column":3}},"6":{"start":{"line":42,"column":4},"end":{"line":42,"column":64}},"7":{"start":{"line":46,"column":2},"end":{"line":48,"column":3}},"8":{"start":{"line":47,"column":4},"end":{"line":47,"column":61}},"9":{"start":{"line":51,"column":2},"end":{"line":53,"column":3}},"10":{"start":{"line":52,"column":4},"end":{"line":52,"column":59}},"11":{"start":{"line":55,"column":2},"end":{"line":57,"column":3}},"12":{"start":{"line":56,"column":4},"end":{"line":56,"column":57}},"13":{"start":{"line":60,"column":2},"end":{"line":62,"column":3}},"14":{"start":{"line":61,"column":4},"end":{"line":61,"column":57}},"15":{"start":{"line":65,"column":2},"end":{"line":67,"column":3}},"16":{"start":{"line":66,"column":4},"end":{"line":66,"column":57}},"17":{"start":{"line":70,"column":19},"end":{"line":70,"column":32}},"18":{"start":{"line":72,"column":2},"end":{"line":74,"column":3}},"19":{"start":{"line":73,"column":4},"end":{"line":73,"column":27}},"20":{"start":{"line":76,"column":2},"end":{"line":76,"column":16}}},"fnMap":{"0":{"name":"(anonymous_0)","decl":{"start":{"line":20,"column":16},"end":{"line":20,"column":17}},"loc":{"start":{"line":20,"column":53},"end":{"line":22,"column":1}},"line":20},"1":{"name":"(anonymous_1)","decl":{"start":{"line":29,"column":28},"end":{"line":29,"column":29}},"loc":{"start":{"line":29,"column":44},"end":{"line":77,"column":1}},"line":29}},"branchMap":{"0":{"loc":{"start":{"line":41,"column":2},"end":{"line":43,"column":3}},"type":"if","locations":[{"start":{"line":41,"column":2},"end":{"line":43,"column":3}},{"start":{},"end":{}}],"line":41},"1":{"loc":{"start":{"line":46,"column":2},"end":{"line":48,"column":3}},"type":"if","locations":[{"start":{"line":46,"column":2},"end":{"line":48,"column":3}},{"start":{},"end":{}}],"line":46},"2":{"loc":{"start":{"line":51,"column":2},"end":{"line":53,"column":3}},"type":"if","locations":[{"start":{"line":51,"column":2},"end":{"line":53,"column":3}},{"start":{},"end":{}}],"line":51},"3":{"loc":{"start":{"line":55,"column":2},"end":{"line":57,"column":3}},"type":"if","locations":[{"start":{"line":55,"column":2},"end":{"line":57,"column":3}},{"start":{},"end":{}}],"line":55},"4":{"loc":{"start":{"line":55,"column":6},"end":{"line":55,"column":41}},"type":"binary-expr","locations":[{"start":{"line":55,"column":6},"end":{"line":55,"column":23}},{"start":{"line":55,"column":27},"end":{"line":55,"column":41}}],"line":55},"5":{"loc":{"start":{"line":60,"column":2},"end":{"line":62,"column":3}},"type":"if","locations":[{"start":{"line":60,"column":2},"end":{"line":62,"column":3}},{"start":{},"end":{}}],"line":60},"6":{"loc":{"start":{"line":65,"column":2},"end":{"line":67,"column":3}},"type":"if","locations":[{"start":{"line":65,"column":2},"end":{"line":67,"column":3}},{"start":{},"end":{}}],"line":65},"7":{"loc":{"start":{"line":72,"column":2},"end":{"line":74,"column":3}},"type":"if","locations":[{"start":{"line":72,"column":2},"end":{"line":74,"column":3}},{"start":{},"end":{}}],"line":72},"8":{"loc":{"start":{"line":72,"column":6},"end":{"line":72,"column":90}},"type":"binary-expr","locations":[{"start":{"line":72,"column":6},"end":{"line":72,"column":21}},{"start":{"line":72,"column":25},"end":{"line":72,"column":38}},{"start":{"line":72,"column":42},"end":{"line":72,"column":54}},{"start":{"line":72,"column":58},"end":{"line":72,"column":72}},{"start":{"line":72,"column":76},"end":{"line":72,"column":90}}],"line":72}},"s":{"0":1,"1":0,"2":1,"3":0,"4":0,"5":0,"6":0,"7":0,"8":0,"9":0,"10":0,"11":0,"12":0,"13":0,"14":0,"15":0,"16":0,"17":0,"18":0,"19":0,"20":0},"f":{"0":0,"1":0},"b":{"0":[0,0],"1":[0,0],"2":[0,0],"3":[0,0],"4":[0,0],"5":[0,0],"6":[0,0],"7":[0,0],"8":[0,0,0,0,0]},"_coverageSchema":"1a1c01bbd47fc00a2c39e90264f33305004495a9","hash":"e276dd28aad7003ae3d6d891b1970fa9cfaae3e8"}
,"C:\\Users\\nhanle\\Desktop\\react\\react-training\\practice-two\\src\\hooks\\use-debounce.ts": {"path":"C:\\Users\\nhanle\\Desktop\\react\\react-training\\practice-two\\src\\hooks\\use-debounce.ts","statementMap":{"0":{"start":{"line":9,"column":27},"end":{"line":26,"column":1}},"1":{"start":{"line":10,"column":46},"end":{"line":10,"column":64}},"2":{"start":{"line":12,"column":2},"end":{"line":23,"column":4}},"3":{"start":{"line":14,"column":32},"end":{"line":16,"column":15}},"4":{"start":{"line":15,"column":8},"end":{"line":15,"column":33}},"5":{"start":{"line":18,"column":6},"end":{"line":20,"column":8}},"6":{"start":{"line":19,"column":8},"end":{"line":19,"column":40}},"7":{"start":{"line":25,"column":2},"end":{"line":25,"column":24}}},"fnMap":{"0":{"name":"(anonymous_0)","decl":{"start":{"line":9,"column":27},"end":{"line":9,"column":28}},"loc":{"start":{"line":9,"column":62},"end":{"line":26,"column":1}},"line":9},"1":{"name":"(anonymous_1)","decl":{"start":{"line":13,"column":4},"end":{"line":13,"column":5}},"loc":{"start":{"line":13,"column":10},"end":{"line":21,"column":5}},"line":13},"2":{"name":"(anonymous_2)","decl":{"start":{"line":14,"column":43},"end":{"line":14,"column":44}},"loc":{"start":{"line":14,"column":49},"end":{"line":16,"column":7}},"line":14},"3":{"name":"(anonymous_3)","decl":{"start":{"line":18,"column":13},"end":{"line":18,"column":14}},"loc":{"start":{"line":18,"column":19},"end":{"line":20,"column":7}},"line":18}},"branchMap":{},"s":{"0":0,"1":0,"2":0,"3":0,"4":0,"5":0,"6":0,"7":0},"f":{"0":0,"1":0,"2":0,"3":0},"b":{}}
,"C:\\Users\\nhanle\\Desktop\\react\\react-training\\practice-two\\src\\hooks\\use-get-data.ts": {"path":"C:\\Users\\nhanle\\Desktop\\react\\react-training\\practice-two\\src\\hooks\\use-get-data.ts","statementMap":{"0":{"start":{"line":10,"column":19},"end":{"line":34,"column":1}},"1":{"start":{"line":11,"column":26},"end":{"line":11,"column":43}},"2":{"start":{"line":12,"column":28},"end":{"line":12,"column":40}},"3":{"start":{"line":14,"column":2},"end":{"line":26,"column":12}},"4":{"start":{"line":15,"column":20},"end":{"line":23,"column":5}},"5":{"start":{"line":16,"column":6},"end":{"line":22,"column":7}},"6":{"start":{"line":17,"column":30},"end":{"line":17,"column":48}},"7":{"start":{"line":18,"column":8},"end":{"line":18,"column":26}},"8":{"start":{"line":20,"column":8},"end":{"line":20,"column":29}},"9":{"start":{"line":21,"column":8},"end":{"line":21,"column":51}},"10":{"start":{"line":25,"column":4},"end":{"line":25,"column":14}},"11":{"start":{"line":28,"column":2},"end":{"line":33,"column":4}}},"fnMap":{"0":{"name":"(anonymous_0)","decl":{"start":{"line":10,"column":19},"end":{"line":10,"column":20}},"loc":{"start":{"line":10,"column":39},"end":{"line":34,"column":1}},"line":10},"1":{"name":"(anonymous_1)","decl":{"start":{"line":14,"column":12},"end":{"line":14,"column":13}},"loc":{"start":{"line":14,"column":18},"end":{"line":26,"column":3}},"line":14},"2":{"name":"(anonymous_2)","decl":{"start":{"line":15,"column":20},"end":{"line":15,"column":21}},"loc":{"start":{"line":15,"column":32},"end":{"line":23,"column":5}},"line":15}},"branchMap":{},"s":{"0":0,"1":0,"2":0,"3":0,"4":0,"5":0,"6":0,"7":0,"8":0,"9":0,"10":0,"11":0},"f":{"0":0,"1":0,"2":0},"b":{}}
,"C:\\Users\\nhanle\\Desktop\\react\\react-training\\practice-two\\src\\interface\\book.ts": {"path":"C:\\Users\\nhanle\\Desktop\\react\\react-training\\practice-two\\src\\interface\\book.ts","statementMap":{},"fnMap":{},"branchMap":{},"s":{},"f":{},"b":{}}
,"C:\\Users\\nhanle\\Desktop\\react\\react-training\\practice-two\\src\\services\\fetch-api.ts": {"path":"C:\\Users\\nhanle\\Desktop\\react\\react-training\\practice-two\\src\\services\\fetch-api.ts","statementMap":{"0":{"start":{"line":2,"column":24},"end":{"line":18,"column":1}},"1":{"start":{"line":3,"column":17},"end":{"line":9,"column":3}},"2":{"start":{"line":11,"column":19},"end":{"line":11,"column":43}},"3":{"start":{"line":13,"column":2},"end":{"line":15,"column":3}},"4":{"start":{"line":14,"column":4},"end":{"line":14,"column":27}},"5":{"start":{"line":17,"column":2},"end":{"line":17,"column":57}},"6":{"start":{"line":20,"column":23},"end":{"line":28,"column":1}},"7":{"start":{"line":21,"column":19},"end":{"line":21,"column":35}},"8":{"start":{"line":23,"column":2},"end":{"line":25,"column":3}},"9":{"start":{"line":24,"column":4},"end":{"line":24,"column":27}},"10":{"start":{"line":27,"column":2},"end":{"line":27,"column":52}},"11":{"start":{"line":30,"column":26},"end":{"line":42,"column":1}},"12":{"start":{"line":31,"column":17},"end":{"line":33,"column":3}},"13":{"start":{"line":35,"column":19},"end":{"line":35,"column":54}},"14":{"start":{"line":37,"column":2},"end":{"line":39,"column":3}},"15":{"start":{"line":38,"column":4},"end":{"line":38,"column":27}},"16":{"start":{"line":41,"column":2},"end":{"line":41,"column":55}},"17":{"start":{"line":44,"column":26},"end":{"line":58,"column":1}},"18":{"start":{"line":45,"column":19},"end":{"line":51,"column":4}},"19":{"start":{"line":53,"column":2},"end":{"line":55,"column":3}},"20":{"start":{"line":54,"column":4},"end":{"line":54,"column":27}},"21":{"start":{"line":57,"column":2},"end":{"line":57,"column":53}}},"fnMap":{"0":{"name":"(anonymous_0)","decl":{"start":{"line":2,"column":24},"end":{"line":2,"column":25}},"loc":{"start":{"line":2,"column":78},"end":{"line":18,"column":1}},"line":2},"1":{"name":"(anonymous_1)","decl":{"start":{"line":20,"column":23},"end":{"line":20,"column":24}},"loc":{"start":{"line":20,"column":61},"end":{"line":28,"column":1}},"line":20},"2":{"name":"(anonymous_2)","decl":{"start":{"line":30,"column":26},"end":{"line":30,"column":27}},"loc":{"start":{"line":30,"column":76},"end":{"line":42,"column":1}},"line":30},"3":{"name":"(anonymous_3)","decl":{"start":{"line":44,"column":26},"end":{"line":44,"column":27}},"loc":{"start":{"line":44,"column":85},"end":{"line":58,"column":1}},"line":44}},"branchMap":{"0":{"loc":{"start":{"line":13,"column":2},"end":{"line":15,"column":3}},"type":"if","locations":[{"start":{"line":13,"column":2},"end":{"line":15,"column":3}},{"start":{},"end":{}}],"line":13},"1":{"loc":{"start":{"line":23,"column":2},"end":{"line":25,"column":3}},"type":"if","locations":[{"start":{"line":23,"column":2},"end":{"line":25,"column":3}},{"start":{},"end":{}}],"line":23},"2":{"loc":{"start":{"line":37,"column":2},"end":{"line":39,"column":3}},"type":"if","locations":[{"start":{"line":37,"column":2},"end":{"line":39,"column":3}},{"start":{},"end":{}}],"line":37},"3":{"loc":{"start":{"line":53,"column":2},"end":{"line":55,"column":3}},"type":"if","locations":[{"start":{"line":53,"column":2},"end":{"line":55,"column":3}},{"start":{},"end":{}}],"line":53}},"s":{"0":0,"1":0,"2":0,"3":0,"4":0,"5":0,"6":0,"7":0,"8":0,"9":0,"10":0,"11":0,"12":0,"13":0,"14":0,"15":0,"16":0,"17":0,"18":0,"19":0,"20":0,"21":0},"f":{"0":0,"1":0,"2":0,"3":0},"b":{"0":[0,0],"1":[0,0],"2":[0,0],"3":[0,0]}}
}
