TN:
SF:src\app\App.tsx
FN:18,(anonymous_0)
FN:25,(anonymous_1)
FN:26,(anonymous_2)
FN:36,(anonymous_3)
FN:53,(anonymous_4)
FN:56,(anonymous_5)
FN:66,(anonymous_6)
FN:71,(anonymous_7)
FN:78,(anonymous_8)
FN:94,(anonymous_9)
FN:98,(anonymous_10)
FNF:11
FNH:6
FNDA:13,(anonymous_0)
FNDA:5,(anonymous_1)
FNDA:5,(anonymous_2)
FNDA:1,(anonymous_3)
FNDA:0,(anonymous_4)
FNDA:0,(anonymous_5)
FNDA:2,(anonymous_6)
FNDA:0,(anonymous_7)
FNDA:0,(anonymous_8)
FNDA:0,(anonymous_9)
FNDA:1,(anonymous_10)
DA:18,1
DA:19,13
DA:20,13
DA:21,13
DA:22,13
DA:23,13
DA:25,13
DA:26,5
DA:28,5
DA:29,1
DA:30,1
DA:32,4
DA:36,13
DA:37,1
DA:38,1
DA:40,1
DA:41,0
DA:43,0
DA:44,0
DA:47,0
DA:48,0
DA:52,13
DA:54,0
DA:55,0
DA:56,0
DA:58,0
DA:60,0
DA:66,13
DA:67,2
DA:68,2
DA:71,13
DA:72,0
DA:73,0
DA:75,0
DA:76,0
DA:78,0
DA:79,0
DA:80,0
DA:82,0
DA:86,0
DA:87,0
DA:90,0
DA:94,13
DA:95,0
DA:98,13
DA:99,1
DA:101,1
DA:104,13
LF:48
LH:26
BRDA:28,0,0,1
BRDA:28,0,1,4
BRDA:40,1,0,0
BRDA:40,1,1,1
BRDA:75,2,0,0
BRDA:75,2,1,0
BRDA:79,3,0,0
BRDA:79,3,1,0
BRDA:108,4,0,0
BRDA:108,4,1,13
BRDA:108,5,0,13
BRDA:108,5,1,0
BRDA:113,6,0,13
BRDA:113,6,1,4
BRDA:123,7,0,13
BRDA:123,7,1,13
BRF:16
BRH:9
end_of_record
TN:
SF:src\components\common\button\index.tsx
FN:12,(anonymous_0)
FNF:1
FNH:1
FNDA:88,(anonymous_0)
DA:12,6
DA:13,88
DA:15,88
LF:3
LH:3
BRF:0
BRH:0
end_of_record
TN:
SF:src\components\common\error\index.tsx
FN:8,(anonymous_0)
FNF:1
FNH:1
FNDA:16,(anonymous_0)
DA:8,2
DA:9,16
DA:11,16
LF:3
LH:3
BRF:0
BRH:0
end_of_record
TN:
SF:src\components\common\popup\index.tsx
FN:9,(anonymous_0)
FNF:1
FNH:1
FNDA:7,(anonymous_0)
DA:9,2
DA:10,7
DA:12,7
LF:3
LH:3
BRF:0
BRH:0
end_of_record
TN:
SF:src\components\common\search\index.tsx
FN:8,(anonymous_0)
FNF:1
FNH:1
FNDA:15,(anonymous_0)
DA:8,2
DA:9,15
DA:11,15
LF:3
LH:3
BRF:0
BRH:0
end_of_record
TN:
SF:src\components\common\search-empty\index.tsx
FN:4,(anonymous_0)
FNF:1
FNH:1
FNDA:2,(anonymous_0)
DA:4,2
DA:5,2
LF:2
LH:2
BRF:0
BRH:0
end_of_record
TN:
SF:src\components\common\textarea\index.tsx
FN:15,(anonymous_0)
FN:19,(anonymous_1)
FNF:2
FNH:2
FNDA:20,(anonymous_0)
FNDA:2,(anonymous_1)
DA:15,3
DA:16,20
DA:17,20
DA:19,20
DA:20,2
DA:22,2
DA:25,20
LF:7
LH:7
BRDA:41,0,0,20
BRDA:41,0,1,5
BRF:2
BRH:2
end_of_record
TN:
SF:src\components\common\textbox\index.tsx
FN:14,(anonymous_0)
FN:18,(anonymous_1)
FNF:2
FNH:2
FNDA:48,(anonymous_0)
FNDA:3,(anonymous_1)
DA:14,3
DA:15,48
DA:16,48
DA:18,48
DA:19,3
DA:21,3
DA:24,48
LF:7
LH:7
BRDA:38,0,0,48
BRDA:38,0,1,9
BRF:2
BRH:2
end_of_record
TN:
SF:src\components\common\uploader\index.tsx
FN:14,(anonymous_0)
FN:18,(anonymous_1)
FNF:2
FNH:2
FNDA:20,(anonymous_0)
FNDA:2,(anonymous_1)
DA:14,3
DA:15,20
DA:16,20
DA:18,20
DA:19,2
DA:21,2
DA:23,2
DA:24,2
DA:27,20
LF:9
LH:9
BRDA:40,0,0,20
BRDA:40,0,1,7
BRDA:43,1,0,20
BRDA:43,1,1,5
BRF:4
BRH:4
end_of_record
TN:
SF:src\components\form\index.tsx
FN:51,(anonymous_0)
FN:56,(anonymous_1)
FN:60,(anonymous_2)
FN:64,(anonymous_3)
FN:76,(anonymous_4)
FN:82,(anonymous_5)
FNF:6
FNH:4
FNDA:14,(anonymous_0)
FNDA:0,(anonymous_1)
FNDA:1,(anonymous_2)
FNDA:2,(anonymous_3)
FNDA:2,(anonymous_4)
FNDA:0,(anonymous_5)
DA:34,2
DA:43,2
DA:51,2
DA:52,14
DA:53,14
DA:54,14
DA:56,14
DA:57,0
DA:60,14
DA:61,1
DA:64,14
DA:65,2
DA:67,2
DA:68,2
DA:70,2
DA:72,0
DA:76,14
DA:77,2
DA:79,2
DA:82,14
DA:83,0
DA:86,14
LF:22
LH:19
BRDA:53,0,0,14
BRDA:53,0,1,10
BRDA:67,1,0,2
BRDA:67,1,1,0
BRDA:88,2,0,4
BRDA:88,2,1,10
BRDA:136,3,0,4
BRDA:136,3,1,10
BRDA:141,4,0,4
BRDA:141,4,1,10
BRF:10
BRH:9
end_of_record
TN:
SF:src\components\header\index.tsx
FN:8,(anonymous_0)
FNF:1
FNH:1
FNDA:15,(anonymous_0)
DA:8,2
DA:9,15
DA:11,15
LF:3
LH:3
BRF:0
BRH:0
end_of_record
TN:
SF:src\components\list-book\index.tsx
FN:11,(anonymous_0)
FN:17,(anonymous_1)
FN:19,(anonymous_2)
FNF:3
FNH:3
FNDA:15,(anonymous_0)
FNDA:17,(anonymous_1)
FNDA:3,(anonymous_2)
DA:11,2
DA:12,15
DA:14,15
DA:18,17
DA:19,3
LF:5
LH:5
BRF:0
BRH:0
end_of_record
TN:
SF:src\components\list-book\card\index.tsx
FN:16,(anonymous_0)
FN:19,(anonymous_1)
FNF:2
FNH:2
FNDA:21,(anonymous_0)
FNDA:1,(anonymous_1)
DA:16,3
DA:17,21
DA:19,21
DA:20,1
DA:23,21
LF:5
LH:5
BRF:0
BRH:0
end_of_record
TN:
SF:src\helpers\encode.ts
FN:6,(anonymous_0)
FN:6,(anonymous_1)
FN:10,(anonymous_2)
FN:14,(anonymous_3)
FNF:4
FNH:3
FNDA:2,(anonymous_0)
FNDA:2,(anonymous_1)
FNDA:2,(anonymous_2)
FNDA:0,(anonymous_3)
DA:6,3
DA:7,2
DA:8,2
DA:10,2
DA:11,2
DA:14,2
DA:15,0
LF:7
LH:6
BRF:0
BRH:0
end_of_record
TN:
SF:src\helpers\validation-form.ts
FN:20,(anonymous_0)
FN:29,(anonymous_1)
FNF:2
FNH:2
FNDA:30,(anonymous_0)
FNDA:6,(anonymous_1)
DA:20,2
DA:21,30
DA:29,2
DA:30,6
DA:32,6
DA:41,6
DA:42,4
DA:46,6
DA:47,3
DA:51,6
DA:52,3
DA:55,6
DA:56,0
DA:60,6
DA:61,3
DA:65,6
DA:66,3
DA:70,6
DA:72,6
DA:73,4
DA:76,6
LF:21
LH:20
BRDA:41,0,0,4
BRDA:41,0,1,2
BRDA:46,1,0,3
BRDA:46,1,1,3
BRDA:51,2,0,3
BRDA:51,2,1,3
BRDA:55,3,0,0
BRDA:55,3,1,6
BRDA:55,4,0,6
BRDA:55,4,1,6
BRDA:60,5,0,3
BRDA:60,5,1,3
BRDA:65,6,0,3
BRDA:65,6,1,3
BRDA:72,7,0,4
BRDA:72,7,1,2
BRDA:72,8,0,6
BRDA:72,8,1,3
BRDA:72,8,2,3
BRDA:72,8,3,3
BRDA:72,8,4,3
BRF:21
BRH:20
end_of_record
TN:
SF:src\hooks\use-debounce.ts
FN:9,(anonymous_0)
FN:13,(anonymous_1)
FN:14,(anonymous_2)
FN:18,(anonymous_3)
FNF:4
FNH:4
FNDA:15,(anonymous_0)
FNDA:10,(anonymous_1)
FNDA:1,(anonymous_2)
FNDA:10,(anonymous_3)
DA:9,2
DA:10,15
DA:12,15
DA:14,10
DA:15,1
DA:18,10
DA:19,10
DA:25,15
LF:8
LH:8
BRF:0
BRH:0
end_of_record
TN:
SF:src\hooks\use-get-data.ts
FN:10,(anonymous_0)
FN:14,(anonymous_1)
FN:15,(anonymous_2)
FNF:3
FNH:3
FNDA:6,(anonymous_0)
FNDA:2,(anonymous_1)
FNDA:2,(anonymous_2)
DA:10,1
DA:11,6
DA:12,6
DA:14,6
DA:15,2
DA:16,2
DA:17,2
DA:18,0
DA:20,2
DA:24,2
DA:27,6
LF:11
LH:10
BRF:0
BRH:0
end_of_record
TN:
SF:src\interface\book.ts
FNF:0
FNH:0
LF:0
LH:0
BRF:0
BRH:0
end_of_record
TN:
SF:src\services\fetch-api.ts
FN:2,(anonymous_0)
FN:20,(anonymous_1)
FN:30,(anonymous_2)
FN:44,(anonymous_3)
FNF:4
FNH:4
FNDA:1,(anonymous_0)
FNDA:4,(anonymous_1)
FNDA:1,(anonymous_2)
FNDA:1,(anonymous_3)
DA:2,3
DA:3,1
DA:11,1
DA:13,1
DA:14,1
DA:17,0
DA:20,3
DA:21,4
DA:23,4
DA:24,2
DA:27,0
DA:30,3
DA:31,1
DA:35,1
DA:37,1
DA:38,1
DA:41,0
DA:44,3
DA:45,1
DA:53,1
DA:54,1
DA:57,0
LF:22
LH:18
BRDA:13,0,0,1
BRDA:13,0,1,0
BRDA:23,1,0,2
BRDA:23,1,1,0
BRDA:37,2,0,1
BRDA:37,2,1,0
BRDA:53,3,0,1
BRDA:53,3,1,0
BRF:8
BRH:4
end_of_record
