{"C:\\Users\\nhanle\\Desktop\\myCode\\react-training\\example-unit-test\\src\\App.tsx": {"path":"C:\\Users\\nhanle\\Desktop\\myCode\\react-training\\example-unit-test\\src\\App.tsx","statementMap":{"0":{"start":{"line":5,"column":12},"end":{"line":13,"column":1}},"1":{"start":{"line":6,"column":2},"end":{"line":12,"column":4}}},"fnMap":{"0":{"name":"(anonymous_0)","decl":{"start":{"line":5,"column":12},"end":{"line":5,"column":13}},"loc":{"start":{"line":5,"column":31},"end":{"line":13,"column":1}},"line":5}},"branchMap":{},"s":{"0":0,"1":0},"f":{"0":0},"b":{}}
,"C:\\Users\\nhanle\\Desktop\\myCode\\react-training\\example-unit-test\\src\\main.tsx": {"path":"C:\\Users\\nhanle\\Desktop\\myCode\\react-training\\example-unit-test\\src\\main.tsx","statementMap":{"0":{"start":{"line":5,"column":0},"end":{"line":9,"column":2}}},"fnMap":{},"branchMap":{},"s":{"0":0},"f":{},"b":{}}
,"C:\\Users\\nhanle\\Desktop\\myCode\\react-training\\example-unit-test\\src\\example\\button\\index.tsx": {"path":"C:\\Users\\nhanle\\Desktop\\myCode\\react-training\\example-unit-test\\src\\example\\button\\index.tsx","statementMap":{"0":{"start":{"line":12,"column":22},"end":{"line":20,"column":1}},"1":{"start":{"line":13,"column":61},"end":{"line":13,"column":66}},"2":{"start":{"line":15,"column":2},"end":{"line":19,"column":4}}},"fnMap":{"0":{"name":"(anonymous_0)","decl":{"start":{"line":12,"column":22},"end":{"line":12,"column":23}},"loc":{"start":{"line":12,"column":58},"end":{"line":20,"column":1}},"line":12}},"branchMap":{},"s":{"0":1,"1":1,"2":1},"f":{"0":1},"b":{},"_coverageSchema":"1a1c01bbd47fc00a2c39e90264f33305004495a9","hash":"edf38d3a78e6909096ca2ac12b410a460d128fdd"}
,"C:\\Users\\nhanle\\Desktop\\myCode\\react-training\\example-unit-test\\src\\example\\display-name\\index.tsx": {"path":"C:\\Users\\nhanle\\Desktop\\myCode\\react-training\\example-unit-test\\src\\example\\display-name\\index.tsx","statementMap":{"0":{"start":{"line":4,"column":27},"end":{"line":8,"column":1}},"1":{"start":{"line":5,"column":19},"end":{"line":5,"column":24}},"2":{"start":{"line":7,"column":2},"end":{"line":7,"column":35}}},"fnMap":{"0":{"name":"(anonymous_0)","decl":{"start":{"line":4,"column":27},"end":{"line":4,"column":28}},"loc":{"start":{"line":4,"column":55},"end":{"line":8,"column":1}},"line":4}},"branchMap":{},"s":{"0":1,"1":1,"2":1},"f":{"0":1},"b":{},"_coverageSchema":"1a1c01bbd47fc00a2c39e90264f33305004495a9","hash":"1c489fb06be6db2a964a0f529c8d54eade3abe78"}
,"C:\\Users\\nhanle\\Desktop\\myCode\\react-training\\example-unit-test\\src\\example\\fetch\\index.tsx": {"path":"C:\\Users\\nhanle\\Desktop\\myCode\\react-training\\example-unit-test\\src\\example\\fetch\\index.tsx","statementMap":{"0":{"start":{"line":36,"column":12},"end":{"line":36,"column":56}},"1":{"start":{"line":38,"column":21},"end":{"line":53,"column":1}},"2":{"start":{"line":39,"column":26},"end":{"line":39,"column":54}},"3":{"start":{"line":41,"column":2},"end":{"line":52,"column":4}},"4":{"start":{"line":47,"column":14},"end":{"line":47,"column":87}}},"fnMap":{"0":{"name":"(anonymous_0)","decl":{"start":{"line":38,"column":21},"end":{"line":38,"column":22}},"loc":{"start":{"line":38,"column":27},"end":{"line":53,"column":1}},"line":38},"1":{"name":"(anonymous_1)","decl":{"start":{"line":46,"column":21},"end":{"line":46,"column":22}},"loc":{"start":{"line":47,"column":14},"end":{"line":47,"column":87}},"line":47}},"branchMap":{"0":{"loc":{"start":{"line":45,"column":9},"end":{"line":49,"column":24}},"type":"cond-expr","locations":[{"start":{"line":46,"column":12},"end":{"line":48,"column":14}},{"start":{"line":49,"column":12},"end":{"line":49,"column":24}}],"line":45}},"s":{"0":1,"1":1,"2":1,"3":1,"4":0},"f":{"0":1,"1":0},"b":{"0":[0,1]},"_coverageSchema":"1a1c01bbd47fc00a2c39e90264f33305004495a9","hash":"2f56a5c417bfc18a6812b67b0fc84450a619ed00"}
,"C:\\Users\\nhanle\\Desktop\\myCode\\react-training\\example-unit-test\\src\\example\\greeting\\index.tsx": {"path":"C:\\Users\\nhanle\\Desktop\\myCode\\react-training\\example-unit-test\\src\\example\\greeting\\index.tsx","statementMap":{"0":{"start":{"line":1,"column":24},"end":{"line":8,"column":1}},"1":{"start":{"line":2,"column":2},"end":{"line":7,"column":4}}},"fnMap":{"0":{"name":"(anonymous_0)","decl":{"start":{"line":1,"column":24},"end":{"line":1,"column":25}},"loc":{"start":{"line":1,"column":43},"end":{"line":8,"column":1}},"line":1}},"branchMap":{},"s":{"0":1,"1":2},"f":{"0":2},"b":{},"_coverageSchema":"1a1c01bbd47fc00a2c39e90264f33305004495a9","hash":"fdf570e71f05c1d491bfe30ec722bb66eadf2840"}
,"C:\\Users\\nhanle\\Desktop\\myCode\\react-training\\example-unit-test\\src\\example\\header\\index.tsx": {"path":"C:\\Users\\nhanle\\Desktop\\myCode\\react-training\\example-unit-test\\src\\example\\header\\index.tsx","statementMap":{"0":{"start":{"line":3,"column":22},"end":{"line":11,"column":1}},"1":{"start":{"line":4,"column":2},"end":{"line":10,"column":4}}},"fnMap":{"0":{"name":"(anonymous_0)","decl":{"start":{"line":3,"column":22},"end":{"line":3,"column":23}},"loc":{"start":{"line":3,"column":41},"end":{"line":11,"column":1}},"line":3}},"branchMap":{},"s":{"0":1,"1":1},"f":{"0":1},"b":{},"_coverageSchema":"1a1c01bbd47fc00a2c39e90264f33305004495a9","hash":"0c58c5b158d8ba34f64bc3c5ad4ee260b18c93f5"}
,"C:\\Users\\nhanle\\Desktop\\myCode\\react-training\\example-unit-test\\src\\example\\hidden-message\\index.tsx": {"path":"C:\\Users\\nhanle\\Desktop\\myCode\\react-training\\example-unit-test\\src\\example\\hidden-message\\index.tsx","statementMap":{"0":{"start":{"line":7,"column":29},"end":{"line":22,"column":1}},"1":{"start":{"line":8,"column":23},"end":{"line":8,"column":28}},"2":{"start":{"line":9,"column":32},"end":{"line":9,"column":47}},"3":{"start":{"line":11,"column":24},"end":{"line":13,"column":3}},"4":{"start":{"line":12,"column":4},"end":{"line":12,"column":33}},"5":{"start":{"line":15,"column":2},"end":{"line":21,"column":4}}},"fnMap":{"0":{"name":"(anonymous_0)","decl":{"start":{"line":7,"column":29},"end":{"line":7,"column":30}},"loc":{"start":{"line":7,"column":72},"end":{"line":22,"column":1}},"line":7},"1":{"name":"(anonymous_1)","decl":{"start":{"line":11,"column":24},"end":{"line":11,"column":25}},"loc":{"start":{"line":11,"column":62},"end":{"line":13,"column":3}},"line":11}},"branchMap":{"0":{"loc":{"start":{"line":19,"column":7},"end":{"line":19,"column":32}},"type":"cond-expr","locations":[{"start":{"line":19,"column":17},"end":{"line":19,"column":25}},{"start":{"line":19,"column":28},"end":{"line":19,"column":32}}],"line":19}},"s":{"0":1,"1":2,"2":2,"3":2,"4":1,"5":2},"f":{"0":2,"1":1},"b":{"0":[1,1]},"_coverageSchema":"1a1c01bbd47fc00a2c39e90264f33305004495a9","hash":"8adc106536bd8b534f6ae05840684784a3fc70f7"}
,"C:\\Users\\nhanle\\Desktop\\myCode\\react-training\\example-unit-test\\src\\example\\sum\\sum.tsx": {"path":"C:\\Users\\nhanle\\Desktop\\myCode\\react-training\\example-unit-test\\src\\example\\sum\\sum.tsx","statementMap":{"0":{"start":{"line":1,"column":19},"end":{"line":3,"column":1}},"1":{"start":{"line":2,"column":2},"end":{"line":2,"column":15}}},"fnMap":{"0":{"name":"(anonymous_0)","decl":{"start":{"line":1,"column":19},"end":{"line":1,"column":20}},"loc":{"start":{"line":1,"column":53},"end":{"line":3,"column":1}},"line":1}},"branchMap":{},"s":{"0":1,"1":1},"f":{"0":1},"b":{},"_coverageSchema":"1a1c01bbd47fc00a2c39e90264f33305004495a9","hash":"8b8eb98bbeac685d4bb1f28acda9657ab5d5bbcb"}
,"C:\\Users\\nhanle\\Desktop\\myCode\\react-training\\example-unit-test\\src\\example\\user\\index.tsx": {"path":"C:\\Users\\nhanle\\Desktop\\myCode\\react-training\\example-unit-test\\src\\example\\user\\index.tsx","statementMap":{"0":{"start":{"line":5,"column":20},"end":{"line":24,"column":1}},"1":{"start":{"line":6,"column":26},"end":{"line":6,"column":46}},"2":{"start":{"line":7,"column":28},"end":{"line":7,"column":43}},"3":{"start":{"line":9,"column":22},"end":{"line":15,"column":3}},"4":{"start":{"line":10,"column":22},"end":{"line":10,"column":30}},"5":{"start":{"line":11,"column":20},"end":{"line":11,"column":41}},"6":{"start":{"line":13,"column":4},"end":{"line":13,"column":22}},"7":{"start":{"line":14,"column":4},"end":{"line":14,"column":19}},"8":{"start":{"line":17,"column":2},"end":{"line":23,"column":4}}},"fnMap":{"0":{"name":"(anonymous_0)","decl":{"start":{"line":5,"column":20},"end":{"line":5,"column":21}},"loc":{"start":{"line":5,"column":26},"end":{"line":24,"column":1}},"line":5},"1":{"name":"(anonymous_1)","decl":{"start":{"line":9,"column":22},"end":{"line":9,"column":23}},"loc":{"start":{"line":9,"column":60},"end":{"line":15,"column":3}},"line":9}},"branchMap":{"0":{"loc":{"start":{"line":21,"column":7},"end":{"line":21,"column":33}},"type":"binary-expr","locations":[{"start":{"line":21,"column":7},"end":{"line":21,"column":12}},{"start":{"line":21,"column":16},"end":{"line":21,"column":33}}],"line":21}},"s":{"0":1,"1":1,"2":1,"3":1,"4":0,"5":0,"6":0,"7":0,"8":1},"f":{"0":1,"1":0},"b":{"0":[1,0]},"_coverageSchema":"1a1c01bbd47fc00a2c39e90264f33305004495a9","hash":"354a799529e62d7334ffe207f81f546780848416"}
,"C:\\Users\\nhanle\\Desktop\\myCode\\react-training\\example-unit-test\\src\\helpers\\fetch-api\\index.ts": {"path":"C:\\Users\\nhanle\\Desktop\\myCode\\react-training\\example-unit-test\\src\\helpers\\fetch-api\\index.ts","statementMap":{"0":{"start":{"line":1,"column":23},"end":{"line":13,"column":1}},"1":{"start":{"line":2,"column":2},"end":{"line":12,"column":3}},"2":{"start":{"line":3,"column":21},"end":{"line":3,"column":37}},"3":{"start":{"line":5,"column":4},"end":{"line":7,"column":5}},"4":{"start":{"line":6,"column":6},"end":{"line":6,"column":29}},"5":{"start":{"line":9,"column":4},"end":{"line":9,"column":25}},"6":{"start":{"line":11,"column":4},"end":{"line":11,"column":13}}},"fnMap":{"0":{"name":"(anonymous_0)","decl":{"start":{"line":1,"column":23},"end":{"line":1,"column":24}},"loc":{"start":{"line":1,"column":61},"end":{"line":13,"column":1}},"line":1}},"branchMap":{"0":{"loc":{"start":{"line":5,"column":4},"end":{"line":7,"column":5}},"type":"if","locations":[{"start":{"line":5,"column":4},"end":{"line":7,"column":5}},{"start":{},"end":{}}],"line":5}},"s":{"0":2,"1":3,"2":3,"3":2,"4":2,"5":0,"6":1},"f":{"0":3},"b":{"0":[2,0]},"_coverageSchema":"1a1c01bbd47fc00a2c39e90264f33305004495a9","hash":"431d617736fe4dcdaa53dba3888caf60641be442"}
,"C:\\Users\\nhanle\\Desktop\\myCode\\react-training\\example-unit-test\\src\\helpers\\format-username\\index.ts": {"path":"C:\\Users\\nhanle\\Desktop\\myCode\\react-training\\example-unit-test\\src\\helpers\\format-username\\index.ts","statementMap":{"0":{"start":{"line":1,"column":30},"end":{"line":3,"column":1}},"1":{"start":{"line":2,"column":2},"end":{"line":2,"column":62}}},"fnMap":{"0":{"name":"(anonymous_0)","decl":{"start":{"line":1,"column":30},"end":{"line":1,"column":31}},"loc":{"start":{"line":1,"column":52},"end":{"line":3,"column":1}},"line":1}},"branchMap":{"0":{"loc":{"start":{"line":2,"column":9},"end":{"line":2,"column":61}},"type":"cond-expr","locations":[{"start":{"line":2,"column":36},"end":{"line":2,"column":44}},{"start":{"line":2,"column":47},"end":{"line":2,"column":61}}],"line":2}},"s":{"0":2,"1":2},"f":{"0":2},"b":{"0":[1,1]},"_coverageSchema":"1a1c01bbd47fc00a2c39e90264f33305004495a9","hash":"d6eb3faee789bd32d2c1a1514f6c61c16ca65926"}
,"C:\\Users\\nhanle\\Desktop\\myCode\\react-training\\example-unit-test\\src\\helpers\\validate\\index.ts": {"path":"C:\\Users\\nhanle\\Desktop\\myCode\\react-training\\example-unit-test\\src\\helpers\\validate\\index.ts","statementMap":{"0":{"start":{"line":1,"column":30},"end":{"line":5,"column":1}},"1":{"start":{"line":2,"column":2},"end":{"line":3,"column":16}},"2":{"start":{"line":3,"column":4},"end":{"line":3,"column":16}},"3":{"start":{"line":4,"column":2},"end":{"line":4,"column":13}}},"fnMap":{"0":{"name":"(anonymous_0)","decl":{"start":{"line":1,"column":30},"end":{"line":1,"column":31}},"loc":{"start":{"line":1,"column":57},"end":{"line":5,"column":1}},"line":1}},"branchMap":{"0":{"loc":{"start":{"line":2,"column":2},"end":{"line":3,"column":16}},"type":"if","locations":[{"start":{"line":2,"column":2},"end":{"line":3,"column":16}},{"start":{},"end":{}}],"line":2},"1":{"loc":{"start":{"line":2,"column":6},"end":{"line":2,"column":36}},"type":"binary-expr","locations":[{"start":{"line":2,"column":7},"end":{"line":2,"column":11}},{"start":{"line":2,"column":15},"end":{"line":2,"column":26}},{"start":{"line":2,"column":31},"end":{"line":2,"column":36}}],"line":2}},"s":{"0":1,"1":0,"2":0,"3":0},"f":{"0":0},"b":{"0":[0,0],"1":[0,0,0]},"_coverageSchema":"1a1c01bbd47fc00a2c39e90264f33305004495a9","hash":"44236c69ceda4470e650122f666a00c046f86f12"}
}
